Determining if the pthread_create exist failed with the following output:
Change Dir: /home/roiive/cakitviewer_v0.8/CMakeFiles/CMakeTmp

Run Build Command:"/usr/bin/make" "cmTC_128ae/fast"
/usr/bin/make -f CMakeFiles/cmTC_128ae.dir/build.make CMakeFiles/cmTC_128ae.dir/build
make[1]: Entering directory '/home/roiive/cakitviewer_v0.8/CMakeFiles/CMakeTmp'
Building C object CMakeFiles/cmTC_128ae.dir/CheckSymbolExists.c.o
/usr/bin/cc   -fPIC    -o CMakeFiles/cmTC_128ae.dir/CheckSymbolExists.c.o   -c /home/roiive/cakitviewer_v0.8/CMakeFiles/CMakeTmp/CheckSymbolExists.c
Linking C executable cmTC_128ae
/usr/bin/cmake -E cmake_link_script CMakeFiles/cmTC_128ae.dir/link.txt --verbose=1
/usr/bin/cc -fPIC     CMakeFiles/cmTC_128ae.dir/CheckSymbolExists.c.o  -o cmTC_128ae 
CMakeFiles/cmTC_128ae.dir/CheckSymbolExists.c.o: In function `main':
CheckSymbolExists.c:(.text+0x14): undefined reference to `pthread_create'
CheckSymbolExists.c:(.text+0x18): undefined reference to `pthread_create'
collect2: error: ld returned 1 exit status
CMakeFiles/cmTC_128ae.dir/build.make:97: recipe for target 'cmTC_128ae' failed
make[1]: *** [cmTC_128ae] Error 1
make[1]: Leaving directory '/home/roiive/cakitviewer_v0.8/CMakeFiles/CMakeTmp'
Makefile:126: recipe for target 'cmTC_128ae/fast' failed
make: *** [cmTC_128ae/fast] Error 2

File /home/roiive/cakitviewer_v0.8/CMakeFiles/CMakeTmp/CheckSymbolExists.c:
/* */
#include <pthread.h>

int main(int argc, char** argv)
{
  (void)argv;
#ifndef pthread_create
  return ((int*)(&pthread_create))[argc];
#else
  (void)argc;
  return 0;
#endif
}

Determining if the function pthread_create exists in the pthreads failed with the following output:
Change Dir: /home/roiive/cakitviewer_v0.8/CMakeFiles/CMakeTmp

Run Build Command:"/usr/bin/make" "cmTC_74971/fast"
/usr/bin/make -f CMakeFiles/cmTC_74971.dir/build.make CMakeFiles/cmTC_74971.dir/build
make[1]: Entering directory '/home/roiive/cakitviewer_v0.8/CMakeFiles/CMakeTmp'
Building C object CMakeFiles/cmTC_74971.dir/CheckFunctionExists.c.o
/usr/bin/cc   -fPIC -DCHECK_FUNCTION_EXISTS=pthread_create   -o CMakeFiles/cmTC_74971.dir/CheckFunctionExists.c.o   -c /usr/share/cmake-3.10/Modules/CheckFunctionExists.c
Linking C executable cmTC_74971
/usr/bin/cmake -E cmake_link_script CMakeFiles/cmTC_74971.dir/link.txt --verbose=1
/usr/bin/cc -fPIC -DCHECK_FUNCTION_EXISTS=pthread_create    CMakeFiles/cmTC_74971.dir/CheckFunctionExists.c.o  -o cmTC_74971 -lpthreads 
/usr/bin/ld: cannot find -lpthreads
collect2: error: ld returned 1 exit status
CMakeFiles/cmTC_74971.dir/build.make:97: recipe for target 'cmTC_74971' failed
make[1]: *** [cmTC_74971] Error 1
make[1]: Leaving directory '/home/roiive/cakitviewer_v0.8/CMakeFiles/CMakeTmp'
Makefile:126: recipe for target 'cmTC_74971/fast' failed
make: *** [cmTC_74971/fast] Error 2


