Determining if the pthread_create exist failed with the following output:
Change Dir: /home/roiive/cakitviewer_v0.6/CMakeFiles/CMakeTmp

Run Build Command:"/usr/bin/make" "cmTC_5878a/fast"
/usr/bin/make -f CMakeFiles/cmTC_5878a.dir/build.make CMakeFiles/cmTC_5878a.dir/build
make[1]: Entering directory '/home/roiive/cakitviewer_v0.6/CMakeFiles/CMakeTmp'
Building C object CMakeFiles/cmTC_5878a.dir/CheckSymbolExists.c.o
/usr/bin/cc   -fPIC    -o CMakeFiles/cmTC_5878a.dir/CheckSymbolExists.c.o   -c /home/roiive/cakitviewer_v0.6/CMakeFiles/CMakeTmp/CheckSymbolExists.c
Linking C executable cmTC_5878a
/usr/bin/cmake -E cmake_link_script CMakeFiles/cmTC_5878a.dir/link.txt --verbose=1
/usr/bin/cc -fPIC     CMakeFiles/cmTC_5878a.dir/CheckSymbolExists.c.o  -o cmTC_5878a 
CMakeFiles/cmTC_5878a.dir/CheckSymbolExists.c.o: In function `main':
CheckSymbolExists.c:(.text+0x14): undefined reference to `pthread_create'
CheckSymbolExists.c:(.text+0x18): undefined reference to `pthread_create'
collect2: error: ld returned 1 exit status
CMakeFiles/cmTC_5878a.dir/build.make:97: recipe for target 'cmTC_5878a' failed
make[1]: *** [cmTC_5878a] Error 1
make[1]: Leaving directory '/home/roiive/cakitviewer_v0.6/CMakeFiles/CMakeTmp'
Makefile:126: recipe for target 'cmTC_5878a/fast' failed
make: *** [cmTC_5878a/fast] Error 2

File /home/roiive/cakitviewer_v0.6/CMakeFiles/CMakeTmp/CheckSymbolExists.c:
/* */
#include <pthread.h>

int main(int argc, char** argv)
{
  (void)argv;
#ifndef pthread_create
  return ((int*)(&pthread_create))[argc];
#else
  (void)argc;
  return 0;
#endif
}

Determining if the function pthread_create exists in the pthreads failed with the following output:
Change Dir: /home/roiive/cakitviewer_v0.6/CMakeFiles/CMakeTmp

Run Build Command:"/usr/bin/make" "cmTC_af23d/fast"
/usr/bin/make -f CMakeFiles/cmTC_af23d.dir/build.make CMakeFiles/cmTC_af23d.dir/build
make[1]: Entering directory '/home/roiive/cakitviewer_v0.6/CMakeFiles/CMakeTmp'
Building C object CMakeFiles/cmTC_af23d.dir/CheckFunctionExists.c.o
/usr/bin/cc   -fPIC -DCHECK_FUNCTION_EXISTS=pthread_create   -o CMakeFiles/cmTC_af23d.dir/CheckFunctionExists.c.o   -c /usr/share/cmake-3.10/Modules/CheckFunctionExists.c
Linking C executable cmTC_af23d
/usr/bin/cmake -E cmake_link_script CMakeFiles/cmTC_af23d.dir/link.txt --verbose=1
/usr/bin/cc -fPIC -DCHECK_FUNCTION_EXISTS=pthread_create    CMakeFiles/cmTC_af23d.dir/CheckFunctionExists.c.o  -o cmTC_af23d -lpthreads 
/usr/bin/ld: cannot find -lpthreads
collect2: error: ld returned 1 exit status
CMakeFiles/cmTC_af23d.dir/build.make:97: recipe for target 'cmTC_af23d' failed
make[1]: *** [cmTC_af23d] Error 1
make[1]: Leaving directory '/home/roiive/cakitviewer_v0.6/CMakeFiles/CMakeTmp'
Makefile:126: recipe for target 'cmTC_af23d/fast' failed
make: *** [cmTC_af23d/fast] Error 2


