Determining if the pthread_create exist failed with the following output:
Change Dir: /home/roiive/cakitviewer_v0.6/build/CMakeFiles/CMakeTmp

Run Build Command:"/usr/bin/make" "cmTC_009f7/fast"
/usr/bin/make -f CMakeFiles/cmTC_009f7.dir/build.make CMakeFiles/cmTC_009f7.dir/build
make[1]: Entering directory '/home/roiive/cakitviewer_v0.6/build/CMakeFiles/CMakeTmp'
Building C object CMakeFiles/cmTC_009f7.dir/CheckSymbolExists.c.o
/usr/bin/cc   -fPIC    -o CMakeFiles/cmTC_009f7.dir/CheckSymbolExists.c.o   -c /home/roiive/cakitviewer_v0.6/build/CMakeFiles/CMakeTmp/CheckSymbolExists.c
Linking C executable cmTC_009f7
/usr/bin/cmake -E cmake_link_script CMakeFiles/cmTC_009f7.dir/link.txt --verbose=1
/usr/bin/cc -fPIC     CMakeFiles/cmTC_009f7.dir/CheckSymbolExists.c.o  -o cmTC_009f7 
CMakeFiles/cmTC_009f7.dir/CheckSymbolExists.c.o: In function `main':
CheckSymbolExists.c:(.text+0x14): undefined reference to `pthread_create'
CheckSymbolExists.c:(.text+0x18): undefined reference to `pthread_create'
collect2: error: ld returned 1 exit status
CMakeFiles/cmTC_009f7.dir/build.make:97: recipe for target 'cmTC_009f7' failed
make[1]: *** [cmTC_009f7] Error 1
make[1]: Leaving directory '/home/roiive/cakitviewer_v0.6/build/CMakeFiles/CMakeTmp'
Makefile:126: recipe for target 'cmTC_009f7/fast' failed
make: *** [cmTC_009f7/fast] Error 2

File /home/roiive/cakitviewer_v0.6/build/CMakeFiles/CMakeTmp/CheckSymbolExists.c:
/* */
#include <pthread.h>

int main(int argc, char** argv)
{
  (void)argv;
#ifndef pthread_create
  return ((int*)(&pthread_create))[argc];
#else
  (void)argc;
  return 0;
#endif
}

Determining if the function pthread_create exists in the pthreads failed with the following output:
Change Dir: /home/roiive/cakitviewer_v0.6/build/CMakeFiles/CMakeTmp

Run Build Command:"/usr/bin/make" "cmTC_d7e58/fast"
/usr/bin/make -f CMakeFiles/cmTC_d7e58.dir/build.make CMakeFiles/cmTC_d7e58.dir/build
make[1]: Entering directory '/home/roiive/cakitviewer_v0.6/build/CMakeFiles/CMakeTmp'
Building C object CMakeFiles/cmTC_d7e58.dir/CheckFunctionExists.c.o
/usr/bin/cc   -fPIC -DCHECK_FUNCTION_EXISTS=pthread_create   -o CMakeFiles/cmTC_d7e58.dir/CheckFunctionExists.c.o   -c /usr/share/cmake-3.10/Modules/CheckFunctionExists.c
Linking C executable cmTC_d7e58
/usr/bin/cmake -E cmake_link_script CMakeFiles/cmTC_d7e58.dir/link.txt --verbose=1
/usr/bin/cc -fPIC -DCHECK_FUNCTION_EXISTS=pthread_create    CMakeFiles/cmTC_d7e58.dir/CheckFunctionExists.c.o  -o cmTC_d7e58 -lpthreads 
/usr/bin/ld: cannot find -lpthreads
collect2: error: ld returned 1 exit status
CMakeFiles/cmTC_d7e58.dir/build.make:97: recipe for target 'cmTC_d7e58' failed
make[1]: *** [cmTC_d7e58] Error 1
make[1]: Leaving directory '/home/roiive/cakitviewer_v0.6/build/CMakeFiles/CMakeTmp'
Makefile:126: recipe for target 'cmTC_d7e58/fast' failed
make: *** [cmTC_d7e58/fast] Error 2


